{"name": "test_exceldata[Admin-1-admin123-1_2]", "status": "broken", "statusDetails": {"message": "selenium.common.exceptions.NoSuchElementException: Message: no such element: Unable to locate element: {\"method\":\"xpath\",\"selector\":\"//*[@name=\"username\"]\"}\n  (Session info: chrome=138.0.7204.158); For documentation on this error, please visit: https://www.selenium.dev/documentation/webdriver/troubleshooting/errors#no-such-element-exception\nStacktrace:\n\tGetHandleVerifier [0x0x331af3+62339]\n\tGetHandleVerifier [0x0x331b34+62404]\n\t(No symbol) [0x0x172123]\n\t(No symbol) [0x0x1ba86e]\n\t(No symbol) [0x0x1bac0b]\n\t(No symbol) [0x0x202f72]\n\t(No symbol) [0x0x1df404]\n\t(No symbol) [0x0x2007a3]\n\t(No symbol) [0x0x1df1b6]\n\t(No symbol) [0x0x1ae7a2]\n\t(No symbol) [0x0x1af644]\n\tGetHandleVerifier [0x0x5a6683+2637587]\n\tGetHandleVerifier [0x0x5a1a8a+2618138]\n\tGetHandleVerifier [0x0x35856a+220666]\n\tGetHandleVerifier [0x0x348998+156200]\n\tGetHandleVerifier [0x0x34f12d+182717]\n\tGetHandleVerifier [0x0x339a38+94920]\n\tGetHandleVerifier [0x0x339bc2+95314]\n\tGetHandleVerifier [0x0x324d0a+9626]\n\tBaseThreadInitThunk [0x0x75acfcc9+25]\n\tRtlGetAppContainerNamedObjectPath [0x0x772182ae+286]\n\tRtlGetAppContainerNamedObjectPath [0x0x7721827e+238]\n\t(No symbol) [0x0]", "trace": "self = <Rahulshetty_login_page.Test_Main.Test_Rahul object at 0x00000251C8152850>, username = 'Admin-1', password = 'admin123-1'\n\n    @pytest.mark.parametrize(\"username,password\", xl.excel_data())\n    def test_exceldata(self,username,password):\n        login = Login_fn(self.driver)\n>       login.Username_Password(username, password)\n\nRahulshetty_login_page\\Test_Main.py:33: \n_ _ _ _ _ _ _ _ _ _ _ _ _ _ _ _ _ _ _ _ _ _ _ _ _ _ _ _ _ _ _ _ _ _ _ _ _ _ _ _ _ _ _ _ _ _ _ _ _ _ _ _ _ _ _ _ _ _ _ _ _ _ _ _ _ _ _ _ _ _ _ _ _ _ _ _ _ _ _ _ _ _ _ _ _ _ _ _ _ _ _ _\nRahulshetty_login_page\\Pages\\Login.py:12: in Username_Password\n    self.driver.find_element(By.XPATH, '//*[@name=\"username\"]').clear()\n..\\AppData\\Local\\Programs\\Python\\Python311\\Lib\\site-packages\\selenium\\webdriver\\remote\\webdriver.py:917: in find_element\n    return self.execute(Command.FIND_ELEMENT, {\"using\": by, \"value\": value})[\"value\"]\n..\\AppData\\Local\\Programs\\Python\\Python311\\Lib\\site-packages\\selenium\\webdriver\\remote\\webdriver.py:448: in execute\n    self.error_handler.check_response(response)\n_ _ _ _ _ _ _ _ _ _ _ _ _ _ _ _ _ _ _ _ _ _ _ _ _ _ _ _ _ _ _ _ _ _ _ _ _ _ _ _ _ _ _ _ _ _ _ _ _ _ _ _ _ _ _ _ _ _ _ _ _ _ _ _ _ _ _ _ _ _ _ _ _ _ _ _ _ _ _ _ _ _ _ _ _ _ _ _ _ _ _ _\n\nself = <selenium.webdriver.remote.errorhandler.ErrorHandler object at 0x00000251C7864190>\nresponse = {'status': 404, 'value': '{\"value\":{\"error\":\"no such element\",\"message\":\"no such element: Unable to locate element: {\\...dObjectPath [0x0x772182ae+286]\\\\n\\\\tRtlGetAppContainerNamedObjectPath [0x0x7721827e+238]\\\\n\\\\t(No symbol) [0x0]\\\\n\"}}'}\n\n    def check_response(self, response: Dict[str, Any]) -> None:\n        \"\"\"Checks that a JSON response from the WebDriver does not have an\n        error.\n    \n        :Args:\n         - response - The JSON response from the WebDriver server as a dictionary\n           object.\n    \n        :Raises: If the response contains an error message.\n        \"\"\"\n        status = response.get(\"status\", None)\n        if not status or status == ErrorCode.SUCCESS:\n            return\n        value = None\n        message = response.get(\"message\", \"\")\n        screen: str = response.get(\"screen\", \"\")\n        stacktrace = None\n        if isinstance(status, int):\n            value_json = response.get(\"value\", None)\n            if value_json and isinstance(value_json, str):\n                import json\n    \n                try:\n                    value = json.loads(value_json)\n                    if len(value) == 1:\n                        value = value[\"value\"]\n                    status = value.get(\"error\", None)\n                    if not status:\n                        status = value.get(\"status\", ErrorCode.UNKNOWN_ERROR)\n                        message = value.get(\"value\") or value.get(\"message\")\n                        if not isinstance(message, str):\n                            value = message\n                            message = message.get(\"message\")\n                    else:\n                        message = value.get(\"message\", None)\n                except ValueError:\n                    pass\n    \n        exception_class: Type[WebDriverException]\n        e = ErrorCode()\n        error_codes = [item for item in dir(e) if not item.startswith(\"__\")]\n        for error_code in error_codes:\n            error_info = getattr(ErrorCode, error_code)\n            if isinstance(error_info, list) and status in error_info:\n                exception_class = getattr(ExceptionMapping, error_code, WebDriverException)\n                break\n        else:\n            exception_class = WebDriverException\n    \n        if not value:\n            value = response[\"value\"]\n        if isinstance(value, str):\n            raise exception_class(value)\n        if message == \"\" and \"message\" in value:\n            message = value[\"message\"]\n    \n        screen = None  # type: ignore[assignment]\n        if \"screen\" in value:\n            screen = value[\"screen\"]\n    \n        stacktrace = None\n        st_value = value.get(\"stackTrace\") or value.get(\"stacktrace\")\n        if st_value:\n            if isinstance(st_value, str):\n                stacktrace = st_value.split(\"\\n\")\n            else:\n                stacktrace = []\n                try:\n                    for frame in st_value:\n                        line = frame.get(\"lineNumber\", \"\")\n                        file = frame.get(\"fileName\", \"<anonymous>\")\n                        if line:\n                            file = f\"{file}:{line}\"\n                        meth = frame.get(\"methodName\", \"<anonymous>\")\n                        if \"className\" in frame:\n                            meth = f\"{frame['className']}.{meth}\"\n                        msg = \"    at %s (%s)\"\n                        msg = msg % (meth, file)\n                        stacktrace.append(msg)\n                except TypeError:\n                    pass\n        if exception_class == UnexpectedAlertPresentException:\n            alert_text = None\n            if \"data\" in value:\n                alert_text = value[\"data\"].get(\"text\")\n            elif \"alert\" in value:\n                alert_text = value[\"alert\"].get(\"text\")\n            raise exception_class(message, screen, stacktrace, alert_text)  # type: ignore[call-arg]  # mypy is not smart enough here\n>       raise exception_class(message, screen, stacktrace)\nE       selenium.common.exceptions.NoSuchElementException: Message: no such element: Unable to locate element: {\"method\":\"xpath\",\"selector\":\"//*[@name=\"username\"]\"}\nE         (Session info: chrome=138.0.7204.158); For documentation on this error, please visit: https://www.selenium.dev/documentation/webdriver/troubleshooting/errors#no-such-element-exception\nE       Stacktrace:\nE       \tGetHandleVerifier [0x0x331af3+62339]\nE       \tGetHandleVerifier [0x0x331b34+62404]\nE       \t(No symbol) [0x0x172123]\nE       \t(No symbol) [0x0x1ba86e]\nE       \t(No symbol) [0x0x1bac0b]\nE       \t(No symbol) [0x0x202f72]\nE       \t(No symbol) [0x0x1df404]\nE       \t(No symbol) [0x0x2007a3]\nE       \t(No symbol) [0x0x1df1b6]\nE       \t(No symbol) [0x0x1ae7a2]\nE       \t(No symbol) [0x0x1af644]\nE       \tGetHandleVerifier [0x0x5a6683+2637587]\nE       \tGetHandleVerifier [0x0x5a1a8a+2618138]\nE       \tGetHandleVerifier [0x0x35856a+220666]\nE       \tGetHandleVerifier [0x0x348998+156200]\nE       \tGetHandleVerifier [0x0x34f12d+182717]\nE       \tGetHandleVerifier [0x0x339a38+94920]\nE       \tGetHandleVerifier [0x0x339bc2+95314]\nE       \tGetHandleVerifier [0x0x324d0a+9626]\nE       \tBaseThreadInitThunk [0x0x75acfcc9+25]\nE       \tRtlGetAppContainerNamedObjectPath [0x0x772182ae+286]\nE       \tRtlGetAppContainerNamedObjectPath [0x0x7721827e+238]\nE       \t(No symbol) [0x0]\n\n..\\AppData\\Local\\Programs\\Python\\Python311\\Lib\\site-packages\\selenium\\webdriver\\remote\\errorhandler.py:232: NoSuchElementException"}, "parameters": [{"name": "username", "value": "'Admin-1'"}, {"name": "password", "value": "'admin123-1'"}], "start": 1753252716701, "stop": 1753252716714, "uuid": "dcfba5ba-60cd-4cbe-a4fe-9bc8d16788d3", "historyId": "a45e7d525c2c23975bcfede6ae66cd15", "testCaseId": "a7f4952cce94cfa231892eac4f07d3f3", "fullName": "Rahulshetty_login_page.Test_Main.Test_Rahul#test_exceldata", "labels": [{"name": "parentSuite", "value": "Rahulshetty_login_page"}, {"name": "suite", "value": "Test_Main"}, {"name": "subSuite", "value": "Test_Rahul"}, {"name": "host", "value": "DESKTOP-2267B2Q"}, {"name": "thread", "value": "2316-MainThread"}, {"name": "framework", "value": "pytest"}, {"name": "language", "value": "cpython3"}, {"name": "package", "value": "Rahulshetty_login_page.Test_Main"}], "titlePath": ["Rahulshetty_login_page", "Test_Main.py", "Test_Rahul"]}